Command: git status
Timestamp: 2025-12-31 21:36:33
Exit Code: 0
Working Directory: /Users/liam/Library/Mobile Documents/com~apple~CloudDocs/01_Workspace/03_Projects/01_active_projects/Byte_tooling/byte

--- STDOUT ---
On branch master
Your branch is up to date with 'origin/master'.

Changes not staged for commit:
  (use "git add <file>..." to update what will be committed)
  (use "git restore <file>..." to discard changes in working directory)
	modified:   .byte/logs/byte.log
	modified:   Cargo.lock
	modified:   Cargo.toml
	modified:   src/cli/mod.rs
	modified:   src/config/mod.rs
	modified:   src/config/types.rs
	modified:   src/lib.rs
	modified:   src/logger.rs
	modified:   src/main.rs
	modified:   src/projects.rs
	modified:   src/tui/mod.rs

Untracked files:
  (use "git add <file>..." to include in what will be committed)
	.byte/logs/.byte/
	.byte/logs/commands/
	.byte/state/
	src/state/

no changes added to commit (use "git add" and/or "git commit -a")

--- STDERR ---
