Command: cargo check
Timestamp: 2026-01-01 09:26:14
Exit Code: 0
Working Directory: /Users/liam/Library/Mobile Documents/com~apple~CloudDocs/01_Workspace/03_Projects/01_active_projects/Byte_tooling/byte

--- STDOUT ---

--- STDERR ---
    Checking cfg-if v1.0.4
    Checking memchr v2.7.6
    Checking log v0.4.29
    Checking bitflags v2.10.0
   Compiling strsim v0.11.1
    Checking regex-syntax v0.8.8
    Checking libc v0.2.178
    Checking equivalent v1.0.2
    Checking crossbeam-utils v0.8.21
    Checking serde_core v1.0.228
    Checking utf8parse v0.2.2
    Checking smallvec v1.15.1
    Checking scopeguard v1.2.0
    Checking either v1.15.0
    Checking once_cell v1.21.3
    Checking colorchoice v1.0.4
    Checking anstyle-parse v0.2.7
    Checking lock_api v0.4.14
   Compiling darling_core v0.20.11
    Checking option-ext v0.2.0
    Checking is_terminal_polyfill v1.70.2
    Checking anstyle-query v1.1.5
    Checking anstyle v1.0.13
    Checking unicode-width v0.1.14
    Checking zerocopy v0.8.31
    Checking lazy_static v1.5.0
    Checking core-foundation-sys v0.8.7
    Checking adler2 v2.0.1
    Checking unicode-width v0.2.0
    Checking hashbrown v0.16.1
    Checking crossbeam-channel v0.5.15
    Checking crossbeam-epoch v0.9.18
    Checking anstream v0.6.21
    Checking gimli v0.32.3
    Checking aho-corasick v1.1.4
    Checking object v0.37.3
    Checking iana-time-zone v0.1.64
    Checking miniz_oxide v0.8.9
    Checking crossbeam-deque v0.8.6
    Checking num-traits v0.2.19
    Checking tracing-core v0.1.36
    Checking thread_local v1.1.9
    Checking bitflags v1.3.2
    Checking itoa v1.0.17
    Checking clap_lex v0.7.6
    Checking allocator-api2 v0.2.21
    Checking same-file v1.0.6
    Checking indexmap v2.12.1
    Checking rustc-demangle v0.1.26
    Checking pin-project-lite v0.2.16
    Checking powerfmt v0.2.0
    Checking foldhash v0.1.5
    Checking errno v0.3.14
    Checking parking_lot_core v0.9.12
    Checking getrandom v0.2.16
    Checking dirs-sys-next v0.1.2
    Checking mio v1.1.1
    Checking signal-hook-registry v1.4.8
    Checking rustix v1.1.3
    Checking hashbrown v0.15.5
    Checking dirs-next v2.0.0
    Checking rand_core v0.6.4
    Checking parking_lot v0.12.5
    Checking term v0.7.0
    Checking signal-hook v0.3.18
    Checking rustix v0.38.44
    Checking deranged v0.5.5
    Checking chrono v0.4.42
    Checking nix v0.24.3
    Checking dirs-sys v0.5.0
    Checking signal-hook-mio v0.2.5
    Checking filetime v0.2.26
    Checking fsevent-sys v4.1.0
    Checking regex-automata v0.4.13
    Checking serde v1.0.228
    Checking ppv-lite86 v0.2.21
    Checking clap_builder v4.5.53
    Checking walkdir v2.5.0
    Checking rayon-core v1.13.0
    Checking crossbeam-queue v0.3.12
    Checking rand_chacha v0.3.1
    Checking itertools v0.13.0
    Checking castaway v0.2.4
    Checking env_home v0.1.0
    Checking num-conv v0.1.0
    Checking toml_datetime v0.6.11
    Checking serde_spanned v0.6.9
    Checking unicode-linebreak v0.1.5
    Checking ryu v1.0.22
    Checking unicode-segmentation v1.12.0
    Checking time-core v0.1.6
    Checking is_ci v1.2.0
    Checking addr2line v0.25.1
    Checking toml_write v0.1.2
    Checking winnow v0.7.14
    Checking arrayvec v0.7.6
    Checking jiff v0.2.17
    Checking static_assertions v1.1.0
    Checking supports-color v3.0.2
    Checking compact_str v0.8.1
    Checking tuikit v0.5.0
    Checking vte v0.13.1
    Checking terminal_size v0.4.3
    Checking which v7.0.3
    Checking textwrap v0.16.2
    Checking time v0.3.44
    Checking timer v0.2.0
    Checking rayon v1.11.0
    Checking notify v6.1.1
    Checking tracing v0.1.44
   Compiling darling_macro v0.20.11
    Checking strum v0.26.3
    Checking rand v0.8.5
    Checking crossbeam v0.8.4
    Checking crossterm v0.28.1
    Checking nix v0.29.0
    Checking zmij v1.0.2
    Checking lru v0.12.5
    Checking unicode-truncate v1.1.0
    Checking dirs v6.0.0
    Checking clap v4.5.53
    Checking owo-colors v4.2.3
    Checking dirs-sys v0.4.1
    Checking socket2 v0.6.1
    Checking tracing-log v0.2.0
    Checking fuzzy-matcher v0.3.7
    Checking defer-drop v1.3.0
   Compiling darling v0.20.11
    Checking sharded-slab v0.1.7
    Checking shlex v1.3.0
    Checking bytes v1.11.0
    Checking nu-ansi-term v0.50.3
    Checking supports-unicode v3.0.0
    Checking beef v0.5.2
    Checking cassowary v0.3.0
    Checking file-id v0.2.3
    Checking supports-hyperlinks v3.2.0
    Checking toml_edit v0.22.27
    Checking dirs v5.0.1
    Checking shellexpand v3.1.1
    Checking notify-debouncer-full v0.3.2
    Checking backtrace v0.3.76
    Checking serde_json v1.0.148
    Checking anyhow v1.0.100
    Checking regex v1.12.2
    Checking bstr v1.12.1
    Checking matchers v0.2.0
    Checking atty v0.2.14
    Checking libloading v0.8.9
    Checking tokio v1.48.0
   Compiling derive_builder_core v0.20.2
    Checking tracing-subscriber v0.3.22
   Compiling instability v0.3.10
    Checking env_filter v0.1.4
    Checking backtrace-ext v0.2.1
    Checking miette v7.6.0
    Checking shell-quote v0.7.2
    Checking ratatui v0.29.0
   Compiling derive_builder_macro v0.20.2
    Checking derive_builder v0.20.2
    Checking toml v0.8.23
    Checking env_logger v0.11.8
    Checking skim v0.15.7
    Checking byte v0.1.0 (/Users/liam/Library/Mobile Documents/com~apple~CloudDocs/01_Workspace/03_Projects/01_active_projects/Byte_tooling/byte)
warning: unused variable: `stdout`
   --> src/tui/mod.rs:450:31
    |
450 |                 let (success, stdout, stderr) = if is_byte_init {
    |                               ^^^^^^ help: if this is intentional, prefix it with an underscore: `_stdout`
    |
    = note: `#[warn(unused_variables)]` (part of `#[warn(unused)]`) on by default

warning: unused variable: `stderr`
   --> src/tui/mod.rs:450:39
    |
450 |                 let (success, stdout, stderr) = if is_byte_init {
    |                                       ^^^^^^ help: if this is intentional, prefix it with an underscore: `_stderr`

warning: unused variable: `path`
   --> src/tui/mod.rs:982:34
    |
982 |                     if let Some((path, scroll_offset)) = &mut self.viewing_log {
    |                                  ^^^^ help: if this is intentional, prefix it with an underscore: `_path`

warning: unused variable: `path`
   --> src/tui/mod.rs:990:34
    |
990 |                     if let Some((path, scroll_offset)) = &mut self.viewing_log {
    |                                  ^^^^ help: if this is intentional, prefix it with an underscore: `_path`

warning: variable does not need to be mutable
    --> src/tui/mod.rs:1290:9
     |
1290 |     let mut watcher = setup_file_watcher(file_tx, &app)?;
     |         ----^^^^^^^
     |         |
     |         help: remove this `mut`
     |
     = note: `#[warn(unused_mut)]` (part of `#[warn(unused)]`) on by default

warning: hiding a lifetime that's elided elsewhere is confusing
    --> src/tui/mod.rs:2229:27
     |
2229 | fn render_git_status(git: &GitStatus) -> Vec<Line> {
     |                           ^^^^^^^^^^         ^^^^ the same lifetime is hidden here
     |                           |
     |                           the lifetime is elided here
     |
     = help: the same lifetime is referred to in inconsistent ways, making the signature confusing
     = note: `#[warn(mismatched_lifetime_syntaxes)]` on by default
help: use `'_` for type paths
     |
2229 | fn render_git_status(git: &GitStatus) -> Vec<Line<'_>> {
     |                                                  ++++

warning: hiding a lifetime that's elided elsewhere is confusing
    --> src/tui/mod.rs:2311:30
     |
2311 | fn render_build_state(build: &BuildState) -> Vec<Line> {
     |                              ^^^^^^^^^^^         ^^^^ the same lifetime is hidden here
     |                              |
     |                              the lifetime is elided here
     |
     = help: the same lifetime is referred to in inconsistent ways, making the signature confusing
help: use `'_` for type paths
     |
2311 | fn render_build_state(build: &BuildState) -> Vec<Line<'_>> {
     |                                                      ++++

warning: hiding a lifetime that's elided elsewhere is confusing
    --> src/tui/mod.rs:2362:37
     |
2362 | fn render_recent_logs(project_path: &str, selected_log: usize) -> Vec<Line> {
     |                                     ^^^^ the lifetime is elided here  ^^^^ the same lifetime is hidden here
     |
     = help: the same lifetime is referred to in inconsistent ways, making the signature confusing
help: use `'_` for type paths
     |
2362 | fn render_recent_logs(project_path: &str, selected_log: usize) -> Vec<Line<'_>> {
     |                                                                           ++++

warning: `byte` (lib) generated 8 warnings (run `cargo fix --lib -p byte` to apply 8 suggestions)
warning: field `project` is never read
  --> src/config/mod.rs:11:9
   |
 9 | pub struct Config {
   |            ------ field in this struct
10 |     pub global: GlobalConfig,
11 |     pub project: Option<ProjectConfig>,
   |         ^^^^^^^
   |
   = note: `#[warn(dead_code)]` (part of `#[warn(unused)]`) on by default

warning: `byte` (bin "byte") generated 9 warnings (8 duplicates)
    Finished `dev` profile [unoptimized + debuginfo] target(s) in 4.73s
