INFO: Logger initialized - using .byte/logs/
INFO: Byte starting...
INFO: [DISCOVERY] Scanning primary workspace: /Users/liam/projects
INFO: [SCAN] Scanning directory: /Users/liam/projects
INFO: [SCAN] Scanned 1894 entries, found 0 projects
INFO: [DISCOVERY] Found 0 projects in primary workspace
INFO: [DISCOVERY] Scanning registered path: /Users/liam/Library/Mobile Documents/com~apple~CloudDocs/01_Workspace/03_Projects/01_active_projects/
INFO: [SCAN] Scanning directory: /Users/liam/Library/Mobile Documents/com~apple~CloudDocs/01_Workspace/03_Projects/01_active_projects/
INFO: [SCAN] Found byte.toml at: /Users/liam/Library/Mobile Documents/com~apple~CloudDocs/01_Workspace/03_Projects/01_active_projects/Byte_tooling/byte/byte.toml
INFO: [SCAN] Failed to load project from /Users/liam/Library/Mobile Documents/com~apple~CloudDocs/01_Workspace/03_Projects/01_active_projects/Byte_tooling/byte: TOML parse error at line 4, column 1
  |
4 | [project]
  | ^^^^^^^^^
missing field `type`

INFO: [SCAN] Scanned 77 entries, found 0 projects
INFO: [DISCOVERY] Found 0 projects in /Users/liam/Library/Mobile Documents/com~apple~CloudDocs/01_Workspace/03_Projects/01_active_projects/
INFO: [DISCOVERY] Total projects discovered: 0
INFO: [COUNT] Counting projects for workspace: /Users/liam/projects
INFO: [COUNT] Final count for /Users/liam/projects: 0
INFO: [COUNT] Counting projects for workspace: /Users/liam/Library/Mobile Documents/com~apple~CloudDocs/01_Workspace/03_Projects/01_active_projects/
INFO: [COUNT] Final count for /Users/liam/Library/Mobile Documents/com~apple~CloudDocs/01_Workspace/03_Projects/01_active_projects/: 0
INFO: Byte completed
